-------------------------------------------------------------------------------
Test set: runner.TestRunner
-------------------------------------------------------------------------------
Tests run: 3, Failures: 1, Errors: 0, Skipped: 0, Time elapsed: 24.61 s <<< FAILURE! - in runner.TestRunner
User searches for a valid product(Search Functionality)  Time elapsed: 10.046 s  <<< FAILURE!
java.lang.AssertionError

