<?xml version="1.0" encoding="UTF-8"?>
<testsuite xmlns:xsi="http://www.w3.org/2001/XMLSchema-instance" xsi:noNamespaceSchemaLocation="https://maven.apache.org/surefire/maven-surefire-plugin/xsd/surefire-test-report.xsd" name="runner.TestRunner" time="24.61" tests="3" errors="0" skipped="0" failures="1">
  <properties>
[...]
</properties>
  <testcase name="User searches for a valid product" classname="Search Functionality" time="10.046">
    <failure type="java.lang.AssertionError">java.lang.AssertionError
</failure>
    <system-out><![CDATA[
Scenario: User searches for a valid product                      &amp#27;[90m# src/test/resource/features/Search.feature:3&amp#27;[0m
  &amp#27;[32mGiven &amp#27;[0m&amp#27;[32mUser opens the application&amp#27;[0m                               &amp#27;[90m# stepdefinations.Search.User_opens_the_application()&amp#27;[0m
  &amp#27;[32mWhen &amp#27;[0m&amp#27;[32mUser enter valid product &amp#27;[0m&amp#27;[32m&amp#27;[1m"HP"&amp#27;[0m&amp#27;[32m into the Search box field&amp#27;[0m   &amp#27;[90m# stepdefinations.Search.User_enter_valid_product_into_the_Search_box_field(java.lang.String)&amp#27;[0m
  &amp#27;[32mAnd &amp#27;[0m&amp#27;[32mUser clicks on Search button&amp#27;[0m                               &amp#27;[90m# stepdefinations.Search.User_clicks_on_Search_button()&amp#27;[0m
  &amp#27;[31mThen &amp#27;[0m&amp#27;[31mUser should get valid product displayed in Search results&amp#27;[0m &amp#27;[90m# stepdefinations.Search.User_should_get_valid_product_displayed_in_Search_results()&amp#27;[0m
      &amp#27;[31mjava.lang.AssertionError
	at org.junit.Assert.fail(Assert.java:87)
	at org.junit.Assert.fail(Assert.java:96)
	at stepdefinations.Search.User_should_get_valid_product_displayed_in_Search_results(Search.java:54)
	at âœ½.User should get valid product displayed in Search results(file:///F:/Eclipse_workspace_22March_2024/eclipse-workspace/CucumberHybridProject/src/test/resource/features/Search.feature:7)
&amp#27;[0m

    Embedding _U_s_e_r_ _s_e_a_r_c_h_e_s_ _f_o_r_ _a_ _v_a_l_i_d_ _p_r_o_d_u_c_t_ [image/png 53387 bytes]

]]></system-out>
  </testcase>
  <testcase name="User searches for an invalid product" classname="Search Functionality" time="5.536"/>
  <testcase name="User searches without any product" classname="Search Functionality" time="5.626"/>
</testsuite>